<?xml version="1.0" encoding="UTF-8"?>
<!-- Generated by org.testng.reporters.JUnitReportReporter -->
<testsuite skipped="0" hostname="GS-5241" name="LoginAPI.VerifyLogin" tests="1" failures="0" timestamp="21 Jun 2020 13:26:44 GMT" time="5.537" errors="0">
  <testcase name="validatepathparam" time="5.537" classname="LoginAPI.VerifyLogin"/>
</testsuite> <!-- LoginAPI.VerifyLogin -->
